<?xml version="1.0" encoding="UTF-8"?>
<!-- Generated by org.testng.reporters.JUnitReportReporter -->
<testsuite errors="1" failures="0" hostname="Sakhare"
  name="com.opencart.demo.testcases.LoginPageTest" skipped="0" tests="1"
  time="10.646" timestamp="2026-02-28T22:22:24 IST">
  <testcase classname="com.opencart.demo.testcases.LoginPageTest" name="verifyLoginPage"
    time="10.646">
    <error message="Error {
  message=&#039;Unexpected token &quot;getByText(&quot; while parsing css selector &quot;page.getByText(&#039;Login&#039;)&quot;. Did you mean to CSS.escape it?
  name=&#039;Error
  stack=&#039;Error: Unexpected token &quot;getByText(&quot; while parsing css selector &quot;page.getByText(&#039;Login&#039;)&quot;. Did you mean to CSS.escape it?
    at unexpected (C:\Users\Alkesh\AppData\Local\Temp\playwright-java-16886347935705385307\package\lib\utils\isomorphic\cssParser.js:69:12)
    at consumeSimpleSelector (C:\Users\Alkesh\AppData\Local\Temp\playwright-java-16886347935705385307\package\lib\utils\isomorphic\cssParser.js:160:17)
    at consumeComplexSelector (C:\Users\Alkesh\AppData\Local\Temp\playwright-java-16886347935705385307\package\lib\utils\isomorphic\cssParser.js:133:40)
    at consumeArgument (C:\Users\Alkesh\AppData\Local\Temp\playwright-java-16886347935705385307\package\lib\utils\isomorphic\cssParser.js:125:12)
    at consumeFunctionArguments (C:\Users\Alkesh\AppData\Local\Temp\playwright-java-16886347935705385307\package\lib\utils\isomorphic\cssParser.js:109:22)
    at parseCSS (C:\Users\Alkesh\AppData\Local\Temp\playwright-java-16886347935705385307\package\lib\utils\isomorphic\cssParser.js:217:18)
    at parseSelector (C:\Users\Alkesh\AppData\Local\Temp\playwright-java-16886347935705385307\package\lib\utils\isomorphic\selectorParser.js:43:55)
    at splitSelectorByFrame (C:\Users\Alkesh\AppData\Local\Temp\playwright-java-16886347935705385307\package\lib\utils\isomorphic\selectorParser.js:85:20)
    at FrameSelectors.resolveFrameForSelector (C:\Users\Alkesh\AppData\Local\Temp\playwright-java-16886347935705385307\package\lib\server\frameSelectors.js:106:72)
    at FrameSelectors.resolveInjectedForSelector (C:\Users\Alkesh\AppData\Local\Temp\playwright-java-16886347935705385307\package\lib\server\frameSelectors.js:142:33)
}
Call log:
-   - waiting for page.getByText(&#039;Login&#039;)
" type="com.microsoft.playwright.PlaywrightException">
      <![CDATA[com.microsoft.playwright.PlaywrightException: Error {
  message='Unexpected token "getByText(" while parsing css selector "page.getByText('Login')". Did you mean to CSS.escape it?
  name='Error
  stack='Error: Unexpected token "getByText(" while parsing css selector "page.getByText('Login')". Did you mean to CSS.escape it?
    at unexpected (C:\Users\Alkesh\AppData\Local\Temp\playwright-java-16886347935705385307\package\lib\utils\isomorphic\cssParser.js:69:12)
    at consumeSimpleSelector (C:\Users\Alkesh\AppData\Local\Temp\playwright-java-16886347935705385307\package\lib\utils\isomorphic\cssParser.js:160:17)
    at consumeComplexSelector (C:\Users\Alkesh\AppData\Local\Temp\playwright-java-16886347935705385307\package\lib\utils\isomorphic\cssParser.js:133:40)
    at consumeArgument (C:\Users\Alkesh\AppData\Local\Temp\playwright-java-16886347935705385307\package\lib\utils\isomorphic\cssParser.js:125:12)
    at consumeFunctionArguments (C:\Users\Alkesh\AppData\Local\Temp\playwright-java-16886347935705385307\package\lib\utils\isomorphic\cssParser.js:109:22)
    at parseCSS (C:\Users\Alkesh\AppData\Local\Temp\playwright-java-16886347935705385307\package\lib\utils\isomorphic\cssParser.js:217:18)
    at parseSelector (C:\Users\Alkesh\AppData\Local\Temp\playwright-java-16886347935705385307\package\lib\utils\isomorphic\selectorParser.js:43:55)
    at splitSelectorByFrame (C:\Users\Alkesh\AppData\Local\Temp\playwright-java-16886347935705385307\package\lib\utils\isomorphic\selectorParser.js:85:20)
    at FrameSelectors.resolveFrameForSelector (C:\Users\Alkesh\AppData\Local\Temp\playwright-java-16886347935705385307\package\lib\server\frameSelectors.js:106:72)
    at FrameSelectors.resolveInjectedForSelector (C:\Users\Alkesh\AppData\Local\Temp\playwright-java-16886347935705385307\package\lib\server\frameSelectors.js:142:33)
}
Call log:
-   - waiting for page.getByText('Login')

at com.microsoft.playwright.impl.WaitableResult.get(WaitableResult.java:56)
at com.microsoft.playwright.impl.ChannelOwner.runUntil(ChannelOwner.java:138)
at com.microsoft.playwright.impl.Connection.sendMessage(Connection.java:131)
at com.microsoft.playwright.impl.ChannelOwner.sendMessage(ChannelOwner.java:124)
at com.microsoft.playwright.impl.FrameImpl.clickImpl(FrameImpl.java:244)
at com.microsoft.playwright.impl.PageImpl.click(PageImpl.java:691)
at com.microsoft.playwright.Page.click(Page.java:3944)
at com.opencart.demo.com.opencart.demo.pages.HomePage.gotoLoginPage(HomePage.java:34)
at com.opencart.demo.testcases.LoginPageTest.verifyLoginPage(LoginPageTest.java:12)
at java.base/jdk.internal.reflect.NativeMethodAccessorImpl.invoke0(Native Method)
at java.base/jdk.internal.reflect.NativeMethodAccessorImpl.invoke(NativeMethodAccessorImpl.java:77)
at java.base/jdk.internal.reflect.DelegatingMethodAccessorImpl.invoke(DelegatingMethodAccessorImpl.java:43)
at java.base/java.lang.reflect.Method.invoke(Method.java:568)
at org.testng.internal.invokers.MethodInvocationHelper.invokeMethod(MethodInvocationHelper.java:141)
at org.testng.internal.invokers.TestInvoker.invokeMethod(TestInvoker.java:687)
at org.testng.internal.invokers.TestInvoker.invokeTestMethod(TestInvoker.java:230)
at org.testng.internal.invokers.MethodRunner.runInSequence(MethodRunner.java:63)
at org.testng.internal.invokers.TestInvoker$MethodInvocationAgent.invoke(TestInvoker.java:995)
at org.testng.internal.invokers.TestInvoker.invokeTestMethods(TestInvoker.java:203)
at org.testng.internal.invokers.TestMethodWorker.invokeTestMethods(TestMethodWorker.java:154)
at org.testng.internal.invokers.TestMethodWorker.run(TestMethodWorker.java:134)
at java.base/java.util.ArrayList.forEach(ArrayList.java:1511)
at org.testng.TestRunner.privateRun(TestRunner.java:741)
at org.testng.TestRunner.run(TestRunner.java:616)
at org.testng.SuiteRunner.runTest(SuiteRunner.java:421)
at org.testng.SuiteRunner.runSequentially(SuiteRunner.java:413)
at org.testng.SuiteRunner.privateRun(SuiteRunner.java:373)
at org.testng.SuiteRunner.run(SuiteRunner.java:312)
at org.testng.SuiteRunnerWorker.runSuite(SuiteRunnerWorker.java:52)
at org.testng.SuiteRunnerWorker.run(SuiteRunnerWorker.java:95)
at org.testng.TestNG.runSuitesSequentially(TestNG.java:1274)
at org.testng.TestNG.runSuitesLocally(TestNG.java:1208)
at org.testng.TestNG.runSuites(TestNG.java:1112)
at org.testng.TestNG.run(TestNG.java:1079)
at org.testng.remote.AbstractRemoteTestNG.run(AbstractRemoteTestNG.java:115)
at org.testng.remote.RemoteTestNG.initAndRun(RemoteTestNG.java:293)
at org.testng.remote.RemoteTestNG.main(RemoteTestNG.java:91)
Caused by: com.microsoft.playwright.impl.DriverException: Error {
  message='Unexpected token "getByText(" while parsing css selector "page.getByText('Login')". Did you mean to CSS.escape it?
  name='Error
  stack='Error: Unexpected token "getByText(" while parsing css selector "page.getByText('Login')". Did you mean to CSS.escape it?
    at unexpected (C:\Users\Alkesh\AppData\Local\Temp\playwright-java-16886347935705385307\package\lib\utils\isomorphic\cssParser.js:69:12)
    at consumeSimpleSelector (C:\Users\Alkesh\AppData\Local\Temp\playwright-java-16886347935705385307\package\lib\utils\isomorphic\cssParser.js:160:17)
    at consumeComplexSelector (C:\Users\Alkesh\AppData\Local\Temp\playwright-java-16886347935705385307\package\lib\utils\isomorphic\cssParser.js:133:40)
    at consumeArgument (C:\Users\Alkesh\AppData\Local\Temp\playwright-java-16886347935705385307\package\lib\utils\isomorphic\cssParser.js:125:12)
    at consumeFunctionArguments (C:\Users\Alkesh\AppData\Local\Temp\playwright-java-16886347935705385307\package\lib\utils\isomorphic\cssParser.js:109:22)
    at parseCSS (C:\Users\Alkesh\AppData\Local\Temp\playwright-java-16886347935705385307\package\lib\utils\isomorphic\cssParser.js:217:18)
    at parseSelector (C:\Users\Alkesh\AppData\Local\Temp\playwright-java-16886347935705385307\package\lib\utils\isomorphic\selectorParser.js:43:55)
    at splitSelectorByFrame (C:\Users\Alkesh\AppData\Local\Temp\playwright-java-16886347935705385307\package\lib\utils\isomorphic\selectorParser.js:85:20)
    at FrameSelectors.resolveFrameForSelector (C:\Users\Alkesh\AppData\Local\Temp\playwright-java-16886347935705385307\package\lib\server\frameSelectors.js:106:72)
    at FrameSelectors.resolveInjectedForSelector (C:\Users\Alkesh\AppData\Local\Temp\playwright-java-16886347935705385307\package\lib\server\frameSelectors.js:142:33)
}
Call log:
-   - waiting for page.getByText('Login')

at com.microsoft.playwright.impl.Connection.dispatch(Connection.java:262)
at com.microsoft.playwright.impl.Connection.processOneMessage(Connection.java:214)
at com.microsoft.playwright.impl.ChannelOwner.runUntil(ChannelOwner.java:136)
... 35 more
]]>
    </error>
  </testcase> <!-- verifyLoginPage -->
</testsuite> <!-- com.opencart.demo.testcases.LoginPageTest -->
